\BOOKMARK [0][-]{dummy.1}{\376\377\000A\000b\000s\000t\000r\000a\000c\000t}{}
\BOOKMARK [0][-]{dummy.2}{\376\377\000C\000o\000n\000t\000e\000n\000t\000s}{}
\BOOKMARK [0][-]{dummy.4}{\376\377\000L\000i\000s\000t\000\040\000o\000f\000\040\000F\000i\000g\000u\000r\000e\000s}{}
\BOOKMARK [0][-]{dummy.6}{\376\377\000L\000i\000s\000t\000\040\000o\000f\000\040\000T\000a\000b\000l\000e\000s}{}
\BOOKMARK [0][-]{chapter.8}{\376\377\0001\000\040\000I\000n\000t\000r\000o\000d\000u\000c\000t\000i\000o\000n}{}
\BOOKMARK [1][-]{section.9}{\376\377\0001\000.\0001\000\040\000O\000b\000j\000e\000c\000t\000i\000v\000e\000s}{chapter.8}
\BOOKMARK [2][-]{subsection.10}{\376\377\0001\000.\0001\000.\0001\000\040\0003\000D\000\040\000S\000k\000i\000n\000\040\000T\000e\000x\000t\000u\000r\000e\000\040\000A\000n\000a\000l\000y\000s\000i\000s}{section.9}
\BOOKMARK [2][-]{subsection.11}{\376\377\0001\000.\0001\000.\0002\000\040\000D\000a\000t\000a\000\040\000C\000o\000l\000l\000e\000c\000t\000i\000o\000n}{section.9}
\BOOKMARK [1][-]{section.12}{\376\377\0001\000.\0002\000\040\000M\000o\000t\000i\000v\000a\000t\000i\000o\000n\000s}{chapter.8}
\BOOKMARK [1][-]{section.13}{\376\377\0001\000.\0003\000\040\000C\000o\000n\000t\000r\000i\000b\000u\000t\000i\000o\000n\000s}{chapter.8}
\BOOKMARK [2][-]{subsection.14}{\376\377\0001\000.\0003\000.\0001\000\040\000T\000h\000e\000\040\000d\000a\000t\000a\000s\000e\000t}{section.13}
\BOOKMARK [2][-]{subsection.15}{\376\377\0001\000.\0003\000.\0002\000\040\000C\000o\000m\000p\000a\000r\000a\000t\000i\000v\000e\000\040\000s\000t\000u\000d\000y\000\040\000o\000f\000\040\0002\000D\000\040\000v\000s\000\040\0003\000D\000\040\000S\000k\000i\000n\000\040\000T\000e\000x\000t\000u\000r\000e\000\040\000A\000n\000a\000l\000y\000s\000i\000s}{section.13}
\BOOKMARK [2][-]{subsection.16}{\376\377\0001\000.\0003\000.\0003\000\040\0003\000D\000\040\000S\000u\000r\000f\000a\000c\000e\000\040\000T\000e\000x\000t\000u\000r\000e\000\040\000M\000e\000t\000h\000o\000d\000s}{section.13}
\BOOKMARK [1][-]{section.17}{\376\377\0001\000.\0004\000\040\000T\000h\000e\000s\000i\000s\000\040\000O\000u\000t\000l\000i\000n\000e}{chapter.8}
\BOOKMARK [0][-]{chapter.18}{\376\377\0002\000\040\0003\000D\000\040\000S\000k\000i\000n\000\040\000T\000e\000x\000t\000u\000r\000e\000\040\000A\000n\000a\000l\000y\000s\000i\000s}{}
\BOOKMARK [1][-]{section.19}{\376\377\0002\000.\0001\000\040\000I\000n\000t\000r\000o\000d\000u\000c\000t\000i\000o\000n}{chapter.18}
\BOOKMARK [1][-]{section.20}{\376\377\0002\000.\0002\000\040\0002\000D\000\040\000T\000e\000x\000t\000u\000r\000e\000\040\000V\000s\000\040\0003\000D\000\040\000S\000u\000r\000f\000a\000c\000e\000\040\000T\000e\000x\000t\000u\000r\000e}{chapter.18}
\BOOKMARK [1][-]{section.21}{\376\377\0002\000.\0003\000\040\000M\000u\000l\000t\000i\000-\000s\000c\000a\000l\000e\000\040\000A\000z\000i\000m\000u\000t\000h\000a\000l\000\040\000P\000r\000o\000j\000e\000c\000t\000i\000o\000n\000\040\000D\000i\000s\000t\000a\000n\000c\000e}{chapter.18}
\BOOKMARK [1][-]{section.22}{\376\377\0002\000.\0004\000\040\000L\000o\000c\000a\000l\000\040\000O\000r\000i\000e\000n\000t\000a\000t\000i\000o\000n\000\040\000P\000a\000t\000t\000e\000r\000n\000s}{chapter.18}
\BOOKMARK [1][-]{section.23}{\376\377\0002\000.\0005\000\040\000M\000u\000l\000t\000i\000-\000s\000c\000a\000l\000e\000\040\000R\000o\000t\000a\000t\000i\000o\000n\000\040\000F\000i\000e\000l\000d\000s}{chapter.18}
\BOOKMARK [0][-]{chapter.24}{\376\377\0003\000\040\000D\000a\000t\000a\000\040\000C\000o\000l\000l\000e\000c\000t\000i\000o\000n}{}
\BOOKMARK [1][-]{section.25}{\376\377\0003\000.\0001\000\040\000I\000n\000t\000r\000o\000d\000u\000c\000t\000i\000o\000n}{chapter.24}
\BOOKMARK [1][-]{section.26}{\376\377\0003\000.\0002\000\040\000T\000h\000e\000\040\000L\000i\000g\000h\000t\000s\000t\000a\000g\000e}{chapter.24}
\BOOKMARK [1][-]{section.27}{\376\377\0003\000.\0003\000\040\000D\000a\000t\000a\000\040\000C\000o\000l\000l\000e\000c\000t\000i\000o\000n\000\040\000a\000n\000d\000\040\000R\000a\000t\000i\000n\000g}{chapter.24}
\BOOKMARK [0][-]{chapter.28}{\376\377\0004\000\040\000E\000x\000p\000e\000r\000i\000m\000e\000n\000t\000s\000\040\000a\000n\000d\000\040\000R\000e\000s\000u\000l\000t\000s}{}
\BOOKMARK [1][-]{section.29}{\376\377\0004\000.\0001\000\040\000E\000x\000p\000e\000r\000i\000m\000e\000n\000t\000s}{chapter.28}
\BOOKMARK [1][-]{section.30}{\376\377\0004\000.\0002\000\040\000R\000e\000s\000u\000l\000t\000s}{chapter.28}
\BOOKMARK [0][-]{chapter.31}{\376\377\0005\000\040\000D\000i\000s\000c\000u\000s\000s\000i\000o\000n\000s}{}
\BOOKMARK [0][-]{chapter.32}{\376\377\0006\000\040\000R\000e\000l\000a\000t\000e\000d\000\040\000S\000t\000u\000d\000i\000e\000s}{}
\BOOKMARK [0][-]{chapter.33}{\376\377\0007\000\040\000C\000o\000n\000c\000l\000u\000s\000i\000o\000n}{}
\BOOKMARK [0][-]{appendix.34}{\376\377\000A\000\040\000A\000p\000p\000e\000n\000d\000i\000x\000\040\000T\000i\000t\000l\000e\000\040\000H\000e\000r\000e}{}
\BOOKMARK [0][-]{dummy.35}{\376\377\000B\000i\000b\000l\000i\000o\000g\000r\000a\000p\000h\000y}{}
